This file contains any messages produced by compilers while
running configure, to aid debugging if configure makes a mistake.

It was created by my-plugin-package configure 0.10.0, which was
generated by GNU Autoconf 2.68.  Invocation command line was

  $ ./configure 

## --------- ##
## Platform. ##
## --------- ##

hostname = eric-32
uname -m = i686
uname -r = 3.2.0-31-generic-pae
uname -s = Linux
uname -v = #50-Ubuntu SMP Fri Sep 7 16:39:45 UTC 2012

/usr/bin/uname -p = unknown
/bin/uname -X     = unknown

/bin/arch              = unknown
/usr/bin/arch -k       = unknown
/usr/convex/getsysinfo = unknown
/usr/bin/hostinfo      = unknown
/bin/machine           = unknown
/usr/bin/oslevel       = unknown
/bin/universe          = unknown

PATH: /usr/lib/lightdm/lightdm
PATH: /usr/local/sbin
PATH: /usr/local/bin
PATH: /usr/sbin
PATH: /usr/bin
PATH: /sbin
PATH: /bin
PATH: /usr/games


## ----------- ##
## Core tests. ##
## ----------- ##

configure:2299: checking for a BSD-compatible install
configure:2367: result: /usr/bin/install -c
configure:2378: checking whether build environment is sane
configure:2428: result: yes
configure:2569: checking for a thread-safe mkdir -p
configure:2608: result: /bin/mkdir -p
configure:2621: checking for gawk
configure:2637: found /usr/bin/gawk
configure:2648: result: gawk
configure:2659: checking whether make sets $(MAKE)
configure:2681: result: yes
configure:2763: checking whether to enable maintainer-specific portions of Makefiles
configure:2772: result: yes
configure:2834: checking for gcc
configure:2850: found /usr/bin/gcc
configure:2861: result: gcc
configure:3090: checking for C compiler version
configure:3099: gcc --version >&5
gcc (Ubuntu/Linaro 4.6.3-1ubuntu5) 4.6.3
Copyright (C) 2011 Free Software Foundation, Inc.
This is free software; see the source for copying conditions.  There is NO
warranty; not even for MERCHANTABILITY or FITNESS FOR A PARTICULAR PURPOSE.

configure:3110: $? = 0
configure:3099: gcc -v >&5
Using built-in specs.
COLLECT_GCC=gcc
COLLECT_LTO_WRAPPER=/usr/lib/gcc/i686-linux-gnu/4.6/lto-wrapper
Target: i686-linux-gnu
Configured with: ../src/configure -v --with-pkgversion='Ubuntu/Linaro 4.6.3-1ubuntu5' --with-bugurl=file:///usr/share/doc/gcc-4.6/README.Bugs --enable-languages=c,c++,fortran,objc,obj-c++ --prefix=/usr --program-suffix=-4.6 --enable-shared --enable-linker-build-id --with-system-zlib --libexecdir=/usr/lib --without-included-gettext --enable-threads=posix --with-gxx-include-dir=/usr/include/c++/4.6 --libdir=/usr/lib --enable-nls --with-sysroot=/ --enable-clocale=gnu --enable-libstdcxx-debug --enable-libstdcxx-time=yes --enable-gnu-unique-object --enable-plugin --enable-objc-gc --enable-targets=all --disable-werror --with-arch-32=i686 --with-tune=generic --enable-checking=release --build=i686-linux-gnu --host=i686-linux-gnu --target=i686-linux-gnu
Thread model: posix
gcc version 4.6.3 (Ubuntu/Linaro 4.6.3-1ubuntu5) 
configure:3110: $? = 0
configure:3099: gcc -V >&5
gcc: error: unrecognized option '-V'
gcc: fatal error: no input files
compilation terminated.
configure:3110: $? = 4
configure:3099: gcc -qversion >&5
gcc: error: unrecognized option '-qversion'
gcc: fatal error: no input files
compilation terminated.
configure:3110: $? = 4
configure:3130: checking whether the C compiler works
configure:3152: gcc    conftest.c  >&5
configure:3156: $? = 0
configure:3204: result: yes
configure:3207: checking for C compiler default output file name
configure:3209: result: a.out
configure:3215: checking for suffix of executables
configure:3222: gcc -o conftest    conftest.c  >&5
configure:3226: $? = 0
configure:3248: result: 
configure:3270: checking whether we are cross compiling
configure:3278: gcc -o conftest    conftest.c  >&5
configure:3282: $? = 0
configure:3289: ./conftest
configure:3293: $? = 0
configure:3308: result: no
configure:3313: checking for suffix of object files
configure:3335: gcc -c   conftest.c >&5
configure:3339: $? = 0
configure:3360: result: o
configure:3364: checking whether we are using the GNU C compiler
configure:3383: gcc -c   conftest.c >&5
configure:3383: $? = 0
configure:3392: result: yes
configure:3401: checking whether gcc accepts -g
configure:3421: gcc -c -g  conftest.c >&5
configure:3421: $? = 0
configure:3462: result: yes
configure:3479: checking for gcc option to accept ISO C89
configure:3543: gcc  -c -g -O2  conftest.c >&5
configure:3543: $? = 0
configure:3556: result: none needed
configure:3587: checking for style of include used by make
configure:3615: result: GNU
configure:3641: checking dependency style of gcc
configure:3752: result: gcc3
configure:3826: checking for g++
configure:3842: found /usr/bin/g++
configure:3853: result: g++
configure:3880: checking for C++ compiler version
configure:3889: g++ --version >&5
g++ (Ubuntu/Linaro 4.6.3-1ubuntu5) 4.6.3
Copyright (C) 2011 Free Software Foundation, Inc.
This is free software; see the source for copying conditions.  There is NO
warranty; not even for MERCHANTABILITY or FITNESS FOR A PARTICULAR PURPOSE.

configure:3900: $? = 0
configure:3889: g++ -v >&5
Using built-in specs.
COLLECT_GCC=g++
COLLECT_LTO_WRAPPER=/usr/lib/gcc/i686-linux-gnu/4.6/lto-wrapper
Target: i686-linux-gnu
Configured with: ../src/configure -v --with-pkgversion='Ubuntu/Linaro 4.6.3-1ubuntu5' --with-bugurl=file:///usr/share/doc/gcc-4.6/README.Bugs --enable-languages=c,c++,fortran,objc,obj-c++ --prefix=/usr --program-suffix=-4.6 --enable-shared --enable-linker-build-id --with-system-zlib --libexecdir=/usr/lib --without-included-gettext --enable-threads=posix --with-gxx-include-dir=/usr/include/c++/4.6 --libdir=/usr/lib --enable-nls --with-sysroot=/ --enable-clocale=gnu --enable-libstdcxx-debug --enable-libstdcxx-time=yes --enable-gnu-unique-object --enable-plugin --enable-objc-gc --enable-targets=all --disable-werror --with-arch-32=i686 --with-tune=generic --enable-checking=release --build=i686-linux-gnu --host=i686-linux-gnu --target=i686-linux-gnu
Thread model: posix
gcc version 4.6.3 (Ubuntu/Linaro 4.6.3-1ubuntu5) 
configure:3900: $? = 0
configure:3889: g++ -V >&5
g++: error: unrecognized option '-V'
g++: fatal error: no input files
compilation terminated.
configure:3900: $? = 4
configure:3889: g++ -qversion >&5
g++: error: unrecognized option '-qversion'
g++: fatal error: no input files
compilation terminated.
configure:3900: $? = 4
configure:3904: checking whether we are using the GNU C++ compiler
configure:3923: g++ -c   conftest.cpp >&5
configure:3923: $? = 0
configure:3932: result: yes
configure:3941: checking whether g++ accepts -g
configure:3961: g++ -c -g  conftest.cpp >&5
configure:3961: $? = 0
configure:4002: result: yes
configure:4027: checking dependency style of g++
configure:4138: result: gcc3
configure:4184: checking build system type
configure:4198: result: i686-pc-linux-gnu
configure:4218: checking host system type
configure:4231: result: i686-pc-linux-gnu
configure:4272: checking how to print strings
configure:4299: result: printf
configure:4320: checking for a sed that does not truncate output
configure:4384: result: /bin/sed
configure:4402: checking for grep that handles long lines and -e
configure:4460: result: /bin/grep
configure:4465: checking for egrep
configure:4527: result: /bin/grep -E
configure:4532: checking for fgrep
configure:4594: result: /bin/grep -F
configure:4629: checking for ld used by gcc
configure:4696: result: /usr/bin/ld
configure:4703: checking if the linker (/usr/bin/ld) is GNU ld
configure:4718: result: yes
configure:4730: checking for BSD- or MS-compatible name lister (nm)
configure:4779: result: /usr/bin/nm -B
configure:4909: checking the name lister (/usr/bin/nm -B) interface
configure:4916: gcc -c -g -O2  conftest.c >&5
configure:4919: /usr/bin/nm -B "conftest.o"
configure:4922: output
00000000 B some_variable
configure:4929: result: BSD nm
configure:4932: checking whether ln -s works
configure:4936: result: yes
configure:4944: checking the maximum length of command line arguments
configure:5074: result: 1572864
configure:5091: checking whether the shell understands some XSI constructs
configure:5101: result: yes
configure:5105: checking whether the shell understands "+="
configure:5111: result: yes
configure:5146: checking how to convert i686-pc-linux-gnu file names to i686-pc-linux-gnu format
configure:5186: result: func_convert_file_noop
configure:5193: checking how to convert i686-pc-linux-gnu file names to toolchain format
configure:5213: result: func_convert_file_noop
configure:5220: checking for /usr/bin/ld option to reload object files
configure:5227: result: -r
configure:5301: checking for objdump
configure:5317: found /usr/bin/objdump
configure:5328: result: objdump
configure:5360: checking how to recognize dependent libraries
configure:5562: result: pass_all
configure:5647: checking for dlltool
configure:5677: result: no
configure:5707: checking how to associate runtime and link libraries
configure:5734: result: printf %s\n
configure:5795: checking for ar
configure:5811: found /usr/bin/ar
configure:5822: result: ar
configure:5859: checking for archiver @FILE support
configure:5876: gcc -c -g -O2  conftest.c >&5
configure:5876: $? = 0
configure:5879: ar cru libconftest.a @conftest.lst >&5
configure:5882: $? = 0
configure:5887: ar cru libconftest.a @conftest.lst >&5
ar: conftest.o: No such file or directory
configure:5890: $? = 1
configure:5902: result: @
configure:5960: checking for strip
configure:5976: found /usr/bin/strip
configure:5987: result: strip
configure:6059: checking for ranlib
configure:6075: found /usr/bin/ranlib
configure:6086: result: ranlib
configure:6188: checking command to parse /usr/bin/nm -B output from gcc object
configure:6308: gcc -c -g -O2  conftest.c >&5
configure:6311: $? = 0
configure:6315: /usr/bin/nm -B conftest.o \| sed -n -e 's/^.*[ ]\([ABCDGIRSTW][ABCDGIRSTW]*\)[ ][ ]*\([_A-Za-z][_A-Za-z0-9]*\)$/\1 \2 \2/p' | sed '/ __gnu_lto/d' \> conftest.nm
configure:6318: $? = 0
configure:6384: gcc -o conftest -g -O2   conftest.c conftstm.o >&5
configure:6387: $? = 0
configure:6425: result: ok
configure:6462: checking for sysroot
configure:6492: result: no
configure:6748: checking for mt
configure:6764: found /bin/mt
configure:6775: result: mt
configure:6798: checking if mt is a manifest tool
configure:6804: mt '-?'
configure:6812: result: no
configure:7454: checking how to run the C preprocessor
configure:7485: gcc -E  conftest.c
configure:7485: $? = 0
configure:7499: gcc -E  conftest.c
conftest.c:11:28: fatal error: ac_nonexistent.h: No such file or directory
compilation terminated.
configure:7499: $? = 1
configure: failed program was:
| /* confdefs.h */
| #define PACKAGE_NAME "my-plugin-package"
| #define PACKAGE_TARNAME "my-plugin-package"
| #define PACKAGE_VERSION "0.10.0"
| #define PACKAGE_STRING "my-plugin-package 0.10.0"
| #define PACKAGE_BUGREPORT ""
| #define PACKAGE_URL ""
| #define PACKAGE "my-plugin-package"
| #define VERSION "0.10.0"
| /* end confdefs.h.  */
| #include <ac_nonexistent.h>
configure:7524: result: gcc -E
configure:7544: gcc -E  conftest.c
configure:7544: $? = 0
configure:7558: gcc -E  conftest.c
conftest.c:11:28: fatal error: ac_nonexistent.h: No such file or directory
compilation terminated.
configure:7558: $? = 1
configure: failed program was:
| /* confdefs.h */
| #define PACKAGE_NAME "my-plugin-package"
| #define PACKAGE_TARNAME "my-plugin-package"
| #define PACKAGE_VERSION "0.10.0"
| #define PACKAGE_STRING "my-plugin-package 0.10.0"
| #define PACKAGE_BUGREPORT ""
| #define PACKAGE_URL ""
| #define PACKAGE "my-plugin-package"
| #define VERSION "0.10.0"
| /* end confdefs.h.  */
| #include <ac_nonexistent.h>
configure:7587: checking for ANSI C header files
configure:7607: gcc -c -g -O2  conftest.c >&5
configure:7607: $? = 0
configure:7680: gcc -o conftest -g -O2   conftest.c  >&5
configure:7680: $? = 0
configure:7680: ./conftest
configure:7680: $? = 0
configure:7691: result: yes
configure:7704: checking for sys/types.h
configure:7704: gcc -c -g -O2  conftest.c >&5
configure:7704: $? = 0
configure:7704: result: yes
configure:7704: checking for sys/stat.h
configure:7704: gcc -c -g -O2  conftest.c >&5
configure:7704: $? = 0
configure:7704: result: yes
configure:7704: checking for stdlib.h
configure:7704: gcc -c -g -O2  conftest.c >&5
configure:7704: $? = 0
configure:7704: result: yes
configure:7704: checking for string.h
configure:7704: gcc -c -g -O2  conftest.c >&5
configure:7704: $? = 0
configure:7704: result: yes
configure:7704: checking for memory.h
configure:7704: gcc -c -g -O2  conftest.c >&5
configure:7704: $? = 0
configure:7704: result: yes
configure:7704: checking for strings.h
configure:7704: gcc -c -g -O2  conftest.c >&5
configure:7704: $? = 0
configure:7704: result: yes
configure:7704: checking for inttypes.h
configure:7704: gcc -c -g -O2  conftest.c >&5
configure:7704: $? = 0
configure:7704: result: yes
configure:7704: checking for stdint.h
configure:7704: gcc -c -g -O2  conftest.c >&5
configure:7704: $? = 0
configure:7704: result: yes
configure:7704: checking for unistd.h
configure:7704: gcc -c -g -O2  conftest.c >&5
configure:7704: $? = 0
configure:7704: result: yes
configure:7718: checking for dlfcn.h
configure:7718: gcc -c -g -O2  conftest.c >&5
configure:7718: $? = 0
configure:7718: result: yes
configure:7935: checking for objdir
configure:7950: result: .libs
configure:8217: checking if gcc supports -fno-rtti -fno-exceptions
configure:8235: gcc -c -g -O2  -fno-rtti -fno-exceptions conftest.c >&5
cc1: warning: command line option '-fno-rtti' is valid for C++/ObjC++ but not for C [enabled by default]
configure:8239: $? = 0
configure:8252: result: no
configure:8579: checking for gcc option to produce PIC
configure:8586: result: -fPIC -DPIC
configure:8594: checking if gcc PIC flag -fPIC -DPIC works
configure:8612: gcc -c -g -O2  -fPIC -DPIC -DPIC conftest.c >&5
configure:8616: $? = 0
configure:8629: result: yes
configure:8658: checking if gcc static flag -static works
configure:8686: result: yes
configure:8701: checking if gcc supports -c -o file.o
configure:8722: gcc -c -g -O2  -o out/conftest2.o conftest.c >&5
configure:8726: $? = 0
configure:8748: result: yes
configure:8756: checking if gcc supports -c -o file.o
configure:8803: result: yes
configure:8836: checking whether the gcc linker (/usr/bin/ld) supports shared libraries
configure:9993: result: yes
configure:10030: checking whether -lc should be explicitly linked in
configure:10038: gcc -c -g -O2  conftest.c >&5
configure:10041: $? = 0
configure:10056: gcc -shared  -fPIC -DPIC conftest.o  -v -Wl,-soname -Wl,conftest -o conftest 2\>\&1 \| /bin/grep  -lc  \>/dev/null 2\>\&1
configure:10059: $? = 0
configure:10073: result: no
configure:10233: checking dynamic linker characteristics
configure:10744: gcc -o conftest -g -O2   -Wl,-rpath -Wl,/foo conftest.c  >&5
configure:10744: $? = 0
configure:10978: result: GNU/Linux ld.so
configure:11085: checking how to hardcode library paths into programs
configure:11110: result: immediate
configure:11650: checking whether stripping libraries is possible
configure:11655: result: yes
configure:11690: checking if libtool supports shared libraries
configure:11692: result: yes
configure:11695: checking whether to build shared libraries
configure:11716: result: yes
configure:11719: checking whether to build static libraries
configure:11723: result: yes
configure:11746: checking how to run the C++ preprocessor
configure:11773: g++ -E  conftest.cpp
configure:11773: $? = 0
configure:11787: g++ -E  conftest.cpp
conftest.cpp:23:28: fatal error: ac_nonexistent.h: No such file or directory
compilation terminated.
configure:11787: $? = 1
configure: failed program was:
| /* confdefs.h */
| #define PACKAGE_NAME "my-plugin-package"
| #define PACKAGE_TARNAME "my-plugin-package"
| #define PACKAGE_VERSION "0.10.0"
| #define PACKAGE_STRING "my-plugin-package 0.10.0"
| #define PACKAGE_BUGREPORT ""
| #define PACKAGE_URL ""
| #define PACKAGE "my-plugin-package"
| #define VERSION "0.10.0"
| #define STDC_HEADERS 1
| #define HAVE_SYS_TYPES_H 1
| #define HAVE_SYS_STAT_H 1
| #define HAVE_STDLIB_H 1
| #define HAVE_STRING_H 1
| #define HAVE_MEMORY_H 1
| #define HAVE_STRINGS_H 1
| #define HAVE_INTTYPES_H 1
| #define HAVE_STDINT_H 1
| #define HAVE_UNISTD_H 1
| #define HAVE_DLFCN_H 1
| #define LT_OBJDIR ".libs/"
| /* end confdefs.h.  */
| #include <ac_nonexistent.h>
configure:11812: result: g++ -E
configure:11832: g++ -E  conftest.cpp
configure:11832: $? = 0
configure:11846: g++ -E  conftest.cpp
conftest.cpp:23:28: fatal error: ac_nonexistent.h: No such file or directory
compilation terminated.
configure:11846: $? = 1
configure: failed program was:
| /* confdefs.h */
| #define PACKAGE_NAME "my-plugin-package"
| #define PACKAGE_TARNAME "my-plugin-package"
| #define PACKAGE_VERSION "0.10.0"
| #define PACKAGE_STRING "my-plugin-package 0.10.0"
| #define PACKAGE_BUGREPORT ""
| #define PACKAGE_URL ""
| #define PACKAGE "my-plugin-package"
| #define VERSION "0.10.0"
| #define STDC_HEADERS 1
| #define HAVE_SYS_TYPES_H 1
| #define HAVE_SYS_STAT_H 1
| #define HAVE_STDLIB_H 1
| #define HAVE_STRING_H 1
| #define HAVE_MEMORY_H 1
| #define HAVE_STRINGS_H 1
| #define HAVE_INTTYPES_H 1
| #define HAVE_STDINT_H 1
| #define HAVE_UNISTD_H 1
| #define HAVE_DLFCN_H 1
| #define LT_OBJDIR ".libs/"
| /* end confdefs.h.  */
| #include <ac_nonexistent.h>
configure:12015: checking for ld used by g++
configure:12082: result: /usr/bin/ld
configure:12089: checking if the linker (/usr/bin/ld) is GNU ld
configure:12104: result: yes
configure:12159: checking whether the g++ linker (/usr/bin/ld) supports shared libraries
configure:13164: result: yes
configure:13200: g++ -c -g -O2  conftest.cpp >&5
configure:13203: $? = 0
configure:13723: checking for g++ option to produce PIC
configure:13730: result: -fPIC -DPIC
configure:13738: checking if g++ PIC flag -fPIC -DPIC works
configure:13756: g++ -c -g -O2  -fPIC -DPIC -DPIC conftest.cpp >&5
configure:13760: $? = 0
configure:13773: result: yes
configure:13796: checking if g++ static flag -static works
configure:13824: result: yes
configure:13836: checking if g++ supports -c -o file.o
configure:13857: g++ -c -g -O2  -o out/conftest2.o conftest.cpp >&5
configure:13861: $? = 0
configure:13883: result: yes
configure:13888: checking if g++ supports -c -o file.o
configure:13935: result: yes
configure:13965: checking whether the g++ linker (/usr/bin/ld) supports shared libraries
configure:14004: result: yes
configure:14145: checking dynamic linker characteristics
configure:14824: result: GNU/Linux ld.so
configure:14877: checking how to hardcode library paths into programs
configure:14902: result: immediate
configure:14966: checking for pkg-config
configure:14982: found /usr/bin/pkg-config
configure:14996: result:  
configure:15059: checking for pkg-config
configure:15077: found /usr/bin/pkg-config
configure:15089: result: /usr/bin/pkg-config
configure:15114: checking pkg-config is at least version 0.9.0
configure:15117: result: yes
configure:15127: checking for GST
configure:15138: $PKG_CONFIG --exists --print-errors "
  gstreamer-0.10 >= $GST_REQUIRED
  gstreamer-base-0.10 >= $GST_REQUIRED
  gstreamer-controller-0.10 >= $GST_REQUIRED
"
configure:15145: $? = 0
configure:15167: $PKG_CONFIG --exists --print-errors "
  gstreamer-0.10 >= $GST_REQUIRED
  gstreamer-base-0.10 >= $GST_REQUIRED
  gstreamer-controller-0.10 >= $GST_REQUIRED
"
configure:15174: $? = 0
configure:15240: result: yes
configure:15248: checking to see if compiler understands -Wall
configure:15263: gcc -c -g -O2 -Wall  conftest.c >&5
configure:15263: $? = 0
configure:15266: result: yes
configure:15427: creating ./config.status

## ---------------------- ##
## Running config.status. ##
## ---------------------- ##

This file was extended by my-plugin-package config.status 0.10.0, which was
generated by GNU Autoconf 2.68.  Invocation command line was

  CONFIG_FILES    = 
  CONFIG_HEADERS  = 
  CONFIG_LINKS    = 
  CONFIG_COMMANDS = 
  $ ./config.status 

on eric-32

config.status:1163: creating Makefile
config.status:1163: creating src/Makefile
config.status:1163: creating config.h
config.status:1344: config.h is unchanged
config.status:1392: executing depfiles commands
config.status:1392: executing libtool commands

## ---------------- ##
## Cache variables. ##
## ---------------- ##

ac_cv_build=i686-pc-linux-gnu
ac_cv_c_compiler_gnu=yes
ac_cv_cxx_compiler_gnu=yes
ac_cv_env_CCC_set=
ac_cv_env_CCC_value=
ac_cv_env_CC_set=
ac_cv_env_CC_value=
ac_cv_env_CFLAGS_set=
ac_cv_env_CFLAGS_value=
ac_cv_env_CPPFLAGS_set=
ac_cv_env_CPPFLAGS_value=
ac_cv_env_CPP_set=
ac_cv_env_CPP_value=
ac_cv_env_CXXCPP_set=
ac_cv_env_CXXCPP_value=
ac_cv_env_CXXFLAGS_set=
ac_cv_env_CXXFLAGS_value=
ac_cv_env_CXX_set=
ac_cv_env_CXX_value=
ac_cv_env_GST_CFLAGS_set=
ac_cv_env_GST_CFLAGS_value=
ac_cv_env_GST_LIBS_set=
ac_cv_env_GST_LIBS_value=
ac_cv_env_LDFLAGS_set=
ac_cv_env_LDFLAGS_value=
ac_cv_env_LIBS_set=
ac_cv_env_LIBS_value=
ac_cv_env_PKG_CONFIG_LIBDIR_set=
ac_cv_env_PKG_CONFIG_LIBDIR_value=
ac_cv_env_PKG_CONFIG_PATH_set=
ac_cv_env_PKG_CONFIG_PATH_value=
ac_cv_env_PKG_CONFIG_set=
ac_cv_env_PKG_CONFIG_value=
ac_cv_env_build_alias_set=
ac_cv_env_build_alias_value=
ac_cv_env_host_alias_set=
ac_cv_env_host_alias_value=
ac_cv_env_target_alias_set=
ac_cv_env_target_alias_value=
ac_cv_header_dlfcn_h=yes
ac_cv_header_inttypes_h=yes
ac_cv_header_memory_h=yes
ac_cv_header_stdc=yes
ac_cv_header_stdint_h=yes
ac_cv_header_stdlib_h=yes
ac_cv_header_string_h=yes
ac_cv_header_strings_h=yes
ac_cv_header_sys_stat_h=yes
ac_cv_header_sys_types_h=yes
ac_cv_header_unistd_h=yes
ac_cv_host=i686-pc-linux-gnu
ac_cv_objext=o
ac_cv_path_EGREP='/bin/grep -E'
ac_cv_path_FGREP='/bin/grep -F'
ac_cv_path_GREP=/bin/grep
ac_cv_path_SED=/bin/sed
ac_cv_path_ac_pt_PKG_CONFIG=/usr/bin/pkg-config
ac_cv_path_install='/usr/bin/install -c'
ac_cv_path_mkdir=/bin/mkdir
ac_cv_prog_AWK=gawk
ac_cv_prog_CPP='gcc -E'
ac_cv_prog_CXXCPP='g++ -E'
ac_cv_prog_HAVE_PKGCONFIG=' '
ac_cv_prog_ac_ct_AR=ar
ac_cv_prog_ac_ct_CC=gcc
ac_cv_prog_ac_ct_CXX=g++
ac_cv_prog_ac_ct_MANIFEST_TOOL=mt
ac_cv_prog_ac_ct_OBJDUMP=objdump
ac_cv_prog_ac_ct_RANLIB=ranlib
ac_cv_prog_ac_ct_STRIP=strip
ac_cv_prog_cc_c89=
ac_cv_prog_cc_g=yes
ac_cv_prog_cxx_g=yes
ac_cv_prog_make_make_set=yes
am_cv_CC_dependencies_compiler_type=gcc3
am_cv_CXX_dependencies_compiler_type=gcc3
lt_cv_ar_at_file=@
lt_cv_archive_cmds_need_lc=no
lt_cv_deplibs_check_method=pass_all
lt_cv_file_magic_cmd='$MAGIC_CMD'
lt_cv_file_magic_test_file=
lt_cv_ld_reload_flag=-r
lt_cv_nm_interface='BSD nm'
lt_cv_objdir=.libs
lt_cv_path_LD=/usr/bin/ld
lt_cv_path_LDCXX=/usr/bin/ld
lt_cv_path_NM='/usr/bin/nm -B'
lt_cv_path_mainfest_tool=no
lt_cv_prog_compiler_c_o=yes
lt_cv_prog_compiler_c_o_CXX=yes
lt_cv_prog_compiler_pic='-fPIC -DPIC'
lt_cv_prog_compiler_pic_CXX='-fPIC -DPIC'
lt_cv_prog_compiler_pic_works=yes
lt_cv_prog_compiler_pic_works_CXX=yes
lt_cv_prog_compiler_rtti_exceptions=no
lt_cv_prog_compiler_static_works=yes
lt_cv_prog_compiler_static_works_CXX=yes
lt_cv_prog_gnu_ld=yes
lt_cv_prog_gnu_ldcxx=yes
lt_cv_sharedlib_from_linklib_cmd='printf %s\n'
lt_cv_shlibpath_overrides_runpath=no
lt_cv_sys_global_symbol_pipe='sed -n -e '\''s/^.*[	 ]\([ABCDGIRSTW][ABCDGIRSTW]*\)[	 ][	 ]*\([_A-Za-z][_A-Za-z0-9]*\)$/\1 \2 \2/p'\'' | sed '\''/ __gnu_lto/d'\'''
lt_cv_sys_global_symbol_to_c_name_address='sed -n -e '\''s/^: \([^ ]*\)[ ]*$/  {\"\1\", (void *) 0},/p'\'' -e '\''s/^[ABCDGIRSTW]* \([^ ]*\) \([^ ]*\)$/  {"\2", (void *) \&\2},/p'\'''
lt_cv_sys_global_symbol_to_c_name_address_lib_prefix='sed -n -e '\''s/^: \([^ ]*\)[ ]*$/  {\"\1\", (void *) 0},/p'\'' -e '\''s/^[ABCDGIRSTW]* \([^ ]*\) \(lib[^ ]*\)$/  {"\2", (void *) \&\2},/p'\'' -e '\''s/^[ABCDGIRSTW]* \([^ ]*\) \([^ ]*\)$/  {"lib\2", (void *) \&\2},/p'\'''
lt_cv_sys_global_symbol_to_cdecl='sed -n -e '\''s/^T .* \(.*\)$/extern int \1();/p'\'' -e '\''s/^[ABCDGIRSTW]* .* \(.*\)$/extern char \1;/p'\'''
lt_cv_sys_max_cmd_len=1572864
lt_cv_to_host_file_cmd=func_convert_file_noop
lt_cv_to_tool_file_cmd=func_convert_file_noop
pkg_cv_GST_CFLAGS='-pthread -I/usr/include/gstreamer-0.10 -I/usr/include/glib-2.0 -I/usr/lib/i386-linux-gnu/glib-2.0/include -I/usr/include/libxml2  '
pkg_cv_GST_LIBS='-pthread -lgstbase-0.10 -lgstcontroller-0.10 -lgstreamer-0.10 -lgobject-2.0 -lgmodule-2.0 -lgthread-2.0 -lrt -lxml2 -lglib-2.0  '

## ----------------- ##
## Output variables. ##
## ----------------- ##

ACLOCAL='${SHELL} /home/eric/local/gstreamer/missing --run aclocal-1.11'
AMDEPBACKSLASH='\'
AMDEP_FALSE='#'
AMDEP_TRUE=''
AMTAR='$${TAR-tar}'
AR='ar'
AUTOCONF='${SHELL} /home/eric/local/gstreamer/missing --run autoconf'
AUTOHEADER='${SHELL} /home/eric/local/gstreamer/missing --run autoheader'
AUTOMAKE='${SHELL} /home/eric/local/gstreamer/missing --run automake-1.11'
AWK='gawk'
CC='gcc'
CCDEPMODE='depmode=gcc3'
CFLAGS='-g -O2 -Wall'
CPP='gcc -E'
CPPFLAGS=''
CXX='g++'
CXXCPP='g++ -E'
CXXDEPMODE='depmode=gcc3'
CXXFLAGS='-g -O2'
CYGPATH_W='echo'
DEFS='-DHAVE_CONFIG_H'
DEPDIR='.deps'
DLLTOOL='false'
DSYMUTIL=''
DUMPBIN=''
ECHO_C=''
ECHO_N='-n'
ECHO_T=''
EGREP='/bin/grep -E'
EXEEXT=''
FGREP='/bin/grep -F'
GREP='/bin/grep'
GST_CFLAGS='-pthread -I/usr/include/gstreamer-0.10 -I/usr/include/glib-2.0 -I/usr/lib/i386-linux-gnu/glib-2.0/include -I/usr/include/libxml2   -Wall'
GST_LIBS='-pthread -lgstbase-0.10 -lgstcontroller-0.10 -lgstreamer-0.10 -lgobject-2.0 -lgmodule-2.0 -lgthread-2.0 -lrt -lxml2 -lglib-2.0  '
GST_PLUGIN_LDFLAGS='-module -avoid-version -export-symbols-regex _*\(gst_\|Gst\|GST_\).*'
HAVE_PKGCONFIG=' '
INSTALL_DATA='${INSTALL} -m 644'
INSTALL_PROGRAM='${INSTALL}'
INSTALL_SCRIPT='${INSTALL}'
INSTALL_STRIP_PROGRAM='$(install_sh) -c -s'
LD='/usr/bin/ld'
LDFLAGS=''
LIBOBJS=''
LIBS=''
LIBTOOL='$(SHELL) $(top_builddir)/libtool'
LIPO=''
LN_S='ln -s'
LTLIBOBJS=''
MAINT=''
MAINTAINER_MODE_FALSE='#'
MAINTAINER_MODE_TRUE=''
MAKEINFO='${SHELL} /home/eric/local/gstreamer/missing --run makeinfo'
MANIFEST_TOOL=':'
MKDIR_P='/bin/mkdir -p'
NM='/usr/bin/nm -B'
NMEDIT=''
OBJDUMP='objdump'
OBJEXT='o'
OTOOL64=''
OTOOL=''
PACKAGE='my-plugin-package'
PACKAGE_BUGREPORT=''
PACKAGE_NAME='my-plugin-package'
PACKAGE_STRING='my-plugin-package 0.10.0'
PACKAGE_TARNAME='my-plugin-package'
PACKAGE_URL=''
PACKAGE_VERSION='0.10.0'
PATH_SEPARATOR=':'
PKG_CONFIG='/usr/bin/pkg-config'
PKG_CONFIG_LIBDIR=''
PKG_CONFIG_PATH=''
RANLIB='ranlib'
SED='/bin/sed'
SET_MAKE=''
SHELL='/bin/bash'
STRIP='strip'
VERSION='0.10.0'
ac_ct_AR='ar'
ac_ct_CC='gcc'
ac_ct_CXX='g++'
ac_ct_DUMPBIN=''
am__EXEEXT_FALSE=''
am__EXEEXT_TRUE='#'
am__fastdepCC_FALSE='#'
am__fastdepCC_TRUE=''
am__fastdepCXX_FALSE='#'
am__fastdepCXX_TRUE=''
am__include='include'
am__isrc=''
am__leading_dot='.'
am__nodep='_no'
am__quote=''
am__tar='$${TAR-tar} chof - "$$tardir"'
am__untar='$${TAR-tar} xf -'
bindir='${exec_prefix}/bin'
build='i686-pc-linux-gnu'
build_alias=''
build_cpu='i686'
build_os='linux-gnu'
build_vendor='pc'
datadir='${datarootdir}'
datarootdir='${prefix}/share'
docdir='${datarootdir}/doc/${PACKAGE_TARNAME}'
dvidir='${docdir}'
exec_prefix='${prefix}'
host='i686-pc-linux-gnu'
host_alias=''
host_cpu='i686'
host_os='linux-gnu'
host_vendor='pc'
htmldir='${docdir}'
includedir='${prefix}/include'
infodir='${datarootdir}/info'
install_sh='${SHELL} /home/eric/local/gstreamer/install-sh'
libdir='${exec_prefix}/lib'
libexecdir='${exec_prefix}/libexec'
localedir='${datarootdir}/locale'
localstatedir='${prefix}/var'
mandir='${datarootdir}/man'
mkdir_p='/bin/mkdir -p'
oldincludedir='/usr/include'
pdfdir='${docdir}'
plugindir='$(libdir)/gstreamer-0.10'
prefix='/usr/local'
program_transform_name='s,x,x,'
psdir='${docdir}'
sbindir='${exec_prefix}/sbin'
sharedstatedir='${prefix}/com'
sysconfdir='${prefix}/etc'
target_alias=''

## ----------- ##
## confdefs.h. ##
## ----------- ##

/* confdefs.h */
#define PACKAGE_NAME "my-plugin-package"
#define PACKAGE_TARNAME "my-plugin-package"
#define PACKAGE_VERSION "0.10.0"
#define PACKAGE_STRING "my-plugin-package 0.10.0"
#define PACKAGE_BUGREPORT ""
#define PACKAGE_URL ""
#define PACKAGE "my-plugin-package"
#define VERSION "0.10.0"
#define STDC_HEADERS 1
#define HAVE_SYS_TYPES_H 1
#define HAVE_SYS_STAT_H 1
#define HAVE_STDLIB_H 1
#define HAVE_STRING_H 1
#define HAVE_MEMORY_H 1
#define HAVE_STRINGS_H 1
#define HAVE_INTTYPES_H 1
#define HAVE_STDINT_H 1
#define HAVE_UNISTD_H 1
#define HAVE_DLFCN_H 1
#define LT_OBJDIR ".libs/"

configure: exit 0

## ---------------------- ##
## Running config.status. ##
## ---------------------- ##

This file was extended by my-plugin-package config.status 0.10.0, which was
generated by GNU Autoconf 2.68.  Invocation command line was

  CONFIG_FILES    = 
  CONFIG_HEADERS  = 
  CONFIG_LINKS    = 
  CONFIG_COMMANDS = 
  $ ./config.status config.h

on landerson-Latitude-E6420

config.status:1163: creating config.h
config.status:1342: error: could not create config.h

## ---------------------- ##
## Running config.status. ##
## ---------------------- ##

This file was extended by my-plugin-package config.status 0.10.0, which was
generated by GNU Autoconf 2.68.  Invocation command line was

  CONFIG_FILES    = 
  CONFIG_HEADERS  = 
  CONFIG_LINKS    = 
  CONFIG_COMMANDS = 
  $ ./config.status config.h

on landerson-Latitude-E6420

config.status:1163: creating config.h
config.status:1342: error: could not create config.h
